{"/home/moisa/Imagens/desafio/src/caixa-da-lanchonete.js": {"path":"/home/moisa/Imagens/desafio/src/caixa-da-lanchonete.js","all":false,"statementMap":{"0":{"start":{"line":1,"column":0},"end":{"line":1,"column":0}},"1":{"start":{"line":2,"column":0},"end":{"line":2,"column":0}},"2":{"start":{"line":3,"column":0},"end":{"line":3,"column":25}},"3":{"start":{"line":4,"column":0},"end":{"line":4,"column":49}},"4":{"start":{"line":5,"column":0},"end":{"line":5,"column":0}},"5":{"start":{"line":6,"column":0},"end":{"line":6,"column":22}},"6":{"start":{"line":7,"column":0},"end":{"line":7,"column":53}},"7":{"start":{"line":8,"column":0},"end":{"line":8,"column":96}},"8":{"start":{"line":9,"column":0},"end":{"line":9,"column":61}},"9":{"start":{"line":10,"column":0},"end":{"line":10,"column":63}},"10":{"start":{"line":11,"column":0},"end":{"line":11,"column":102}},"11":{"start":{"line":12,"column":0},"end":{"line":12,"column":59}},"12":{"start":{"line":13,"column":0},"end":{"line":13,"column":71}},"13":{"start":{"line":14,"column":0},"end":{"line":14,"column":71}},"14":{"start":{"line":15,"column":0},"end":{"line":15,"column":10}},"15":{"start":{"line":16,"column":0},"end":{"line":16,"column":0}},"16":{"start":{"line":17,"column":0},"end":{"line":17,"column":32}},"17":{"start":{"line":18,"column":0},"end":{"line":18,"column":41}},"18":{"start":{"line":19,"column":0},"end":{"line":19,"column":23}},"19":{"start":{"line":20,"column":0},"end":{"line":20,"column":41}},"20":{"start":{"line":21,"column":0},"end":{"line":21,"column":10}},"21":{"start":{"line":22,"column":0},"end":{"line":22,"column":0}},"22":{"start":{"line":23,"column":0},"end":{"line":23,"column":8}},"23":{"start":{"line":24,"column":0},"end":{"line":24,"column":28}},"24":{"start":{"line":25,"column":0},"end":{"line":25,"column":40}},"25":{"start":{"line":26,"column":0},"end":{"line":26,"column":42}},"26":{"start":{"line":27,"column":0},"end":{"line":27,"column":0}},"27":{"start":{"line":28,"column":0},"end":{"line":28,"column":33}},"28":{"start":{"line":29,"column":0},"end":{"line":29,"column":57}},"29":{"start":{"line":30,"column":0},"end":{"line":30,"column":9}},"30":{"start":{"line":31,"column":0},"end":{"line":31,"column":8}},"31":{"start":{"line":32,"column":0},"end":{"line":32,"column":35}},"32":{"start":{"line":33,"column":0},"end":{"line":33,"column":53}},"33":{"start":{"line":34,"column":0},"end":{"line":34,"column":39}},"34":{"start":{"line":35,"column":0},"end":{"line":35,"column":8}},"35":{"start":{"line":36,"column":0},"end":{"line":36,"column":27}},"36":{"start":{"line":37,"column":0},"end":{"line":37,"column":40}},"37":{"start":{"line":38,"column":0},"end":{"line":38,"column":13}},"38":{"start":{"line":39,"column":0},"end":{"line":39,"column":8}},"39":{"start":{"line":40,"column":0},"end":{"line":40,"column":36}},"40":{"start":{"line":41,"column":0},"end":{"line":41,"column":57}},"41":{"start":{"line":42,"column":0},"end":{"line":42,"column":20}},"42":{"start":{"line":43,"column":0},"end":{"line":43,"column":42}},"43":{"start":{"line":44,"column":0},"end":{"line":44,"column":13}},"44":{"start":{"line":45,"column":0},"end":{"line":45,"column":8}},"45":{"start":{"line":46,"column":0},"end":{"line":46,"column":32}},"46":{"start":{"line":47,"column":0},"end":{"line":47,"column":46}},"47":{"start":{"line":48,"column":0},"end":{"line":48,"column":13}},"48":{"start":{"line":49,"column":0},"end":{"line":49,"column":8}},"49":{"start":{"line":50,"column":0},"end":{"line":50,"column":52}},"50":{"start":{"line":51,"column":0},"end":{"line":51,"column":9}},"51":{"start":{"line":52,"column":0},"end":{"line":52,"column":8}},"52":{"start":{"line":53,"column":0},"end":{"line":53,"column":41}},"53":{"start":{"line":54,"column":0},"end":{"line":54,"column":55}},"54":{"start":{"line":55,"column":0},"end":{"line":55,"column":53}},"55":{"start":{"line":56,"column":0},"end":{"line":56,"column":76}},"56":{"start":{"line":57,"column":0},"end":{"line":57,"column":17}},"57":{"start":{"line":58,"column":0},"end":{"line":58,"column":13}},"58":{"start":{"line":59,"column":0},"end":{"line":59,"column":9}},"59":{"start":{"line":60,"column":0},"end":{"line":60,"column":8}},"60":{"start":{"line":61,"column":0},"end":{"line":61,"column":45}},"61":{"start":{"line":62,"column":0},"end":{"line":62,"column":50}},"62":{"start":{"line":63,"column":0},"end":{"line":63,"column":9}},"63":{"start":{"line":64,"column":0},"end":{"line":64,"column":8}},"64":{"start":{"line":65,"column":0},"end":{"line":65,"column":67}},"65":{"start":{"line":66,"column":0},"end":{"line":66,"column":8}},"66":{"start":{"line":67,"column":0},"end":{"line":67,"column":44}},"67":{"start":{"line":68,"column":0},"end":{"line":68,"column":61}},"68":{"start":{"line":69,"column":0},"end":{"line":69,"column":52}},"69":{"start":{"line":70,"column":0},"end":{"line":70,"column":62}},"70":{"start":{"line":71,"column":0},"end":{"line":71,"column":9}},"71":{"start":{"line":72,"column":0},"end":{"line":72,"column":85}},"72":{"start":{"line":73,"column":0},"end":{"line":73,"column":0}},"73":{"start":{"line":74,"column":0},"end":{"line":74,"column":35}},"74":{"start":{"line":75,"column":0},"end":{"line":75,"column":5}},"75":{"start":{"line":76,"column":0},"end":{"line":76,"column":1}},"76":{"start":{"line":77,"column":0},"end":{"line":77,"column":0}},"77":{"start":{"line":78,"column":0},"end":{"line":78,"column":29}}},"s":{"0":1,"1":1,"2":1,"3":1,"4":19,"5":19,"6":19,"7":19,"8":19,"9":19,"10":19,"11":19,"12":19,"13":19,"14":19,"15":19,"16":19,"17":19,"18":19,"19":19,"20":19,"21":19,"22":19,"23":19,"24":19,"25":19,"26":19,"27":19,"28":3,"29":3,"30":16,"31":19,"32":28,"33":28,"34":28,"35":28,"36":2,"37":2,"38":26,"39":28,"40":9,"41":28,"42":17,"43":17,"44":26,"45":28,"46":1,"47":1,"48":25,"49":25,"50":25,"51":13,"52":19,"53":9,"54":9,"55":4,"56":4,"57":9,"58":5,"59":9,"60":19,"61":1,"62":1,"63":8,"64":8,"65":8,"66":19,"67":2,"68":19,"69":3,"70":3,"71":8,"72":8,"73":8,"74":8,"75":1,"76":1,"77":1},"branchMap":{"0":{"type":"branch","line":4,"loc":{"start":{"line":4,"column":4},"end":{"line":75,"column":5}},"locations":[{"start":{"line":4,"column":4},"end":{"line":75,"column":5}}]},"1":{"type":"branch","line":28,"loc":{"start":{"line":28,"column":32},"end":{"line":30,"column":9}},"locations":[{"start":{"line":28,"column":32},"end":{"line":30,"column":9}}]},"2":{"type":"branch","line":30,"loc":{"start":{"line":30,"column":8},"end":{"line":32,"column":34}},"locations":[{"start":{"line":30,"column":8},"end":{"line":32,"column":34}}]},"3":{"type":"branch","line":32,"loc":{"start":{"line":32,"column":34},"end":{"line":51,"column":9}},"locations":[{"start":{"line":32,"column":34},"end":{"line":51,"column":9}}]},"4":{"type":"branch","line":36,"loc":{"start":{"line":36,"column":26},"end":{"line":38,"column":13}},"locations":[{"start":{"line":36,"column":26},"end":{"line":38,"column":13}}]},"5":{"type":"branch","line":38,"loc":{"start":{"line":38,"column":12},"end":{"line":40,"column":35}},"locations":[{"start":{"line":38,"column":12},"end":{"line":40,"column":35}}]},"6":{"type":"branch","line":40,"loc":{"start":{"line":40,"column":35},"end":{"line":42,"column":13}},"locations":[{"start":{"line":40,"column":35},"end":{"line":42,"column":13}}]},"7":{"type":"branch","line":42,"loc":{"start":{"line":42,"column":13},"end":{"line":44,"column":13}},"locations":[{"start":{"line":42,"column":13},"end":{"line":44,"column":13}}]},"8":{"type":"branch","line":44,"loc":{"start":{"line":44,"column":12},"end":{"line":46,"column":31}},"locations":[{"start":{"line":44,"column":12},"end":{"line":46,"column":31}}]},"9":{"type":"branch","line":46,"loc":{"start":{"line":46,"column":31},"end":{"line":48,"column":13}},"locations":[{"start":{"line":46,"column":31},"end":{"line":48,"column":13}}]},"10":{"type":"branch","line":48,"loc":{"start":{"line":48,"column":12},"end":{"line":51,"column":9}},"locations":[{"start":{"line":48,"column":12},"end":{"line":51,"column":9}}]},"11":{"type":"branch","line":51,"loc":{"start":{"line":51,"column":8},"end":{"line":53,"column":40}},"locations":[{"start":{"line":51,"column":8},"end":{"line":53,"column":40}}]},"12":{"type":"branch","line":53,"loc":{"start":{"line":53,"column":40},"end":{"line":61,"column":44}},"locations":[{"start":{"line":53,"column":40},"end":{"line":61,"column":44}}]},"13":{"type":"branch","line":55,"loc":{"start":{"line":55,"column":52},"end":{"line":57,"column":17}},"locations":[{"start":{"line":55,"column":52},"end":{"line":57,"column":17}}]},"14":{"type":"branch","line":58,"loc":{"start":{"line":58,"column":12},"end":{"line":59,"column":9}},"locations":[{"start":{"line":58,"column":12},"end":{"line":59,"column":9}}]},"15":{"type":"branch","line":61,"loc":{"start":{"line":61,"column":44},"end":{"line":63,"column":9}},"locations":[{"start":{"line":61,"column":44},"end":{"line":63,"column":9}}]},"16":{"type":"branch","line":63,"loc":{"start":{"line":63,"column":8},"end":{"line":67,"column":43}},"locations":[{"start":{"line":63,"column":8},"end":{"line":67,"column":43}}]},"17":{"type":"branch","line":67,"loc":{"start":{"line":67,"column":43},"end":{"line":69,"column":9}},"locations":[{"start":{"line":67,"column":43},"end":{"line":69,"column":9}}]},"18":{"type":"branch","line":69,"loc":{"start":{"line":69,"column":9},"end":{"line":71,"column":9}},"locations":[{"start":{"line":69,"column":9},"end":{"line":71,"column":9}}]},"19":{"type":"branch","line":69,"loc":{"start":{"line":69,"column":51},"end":{"line":71,"column":9}},"locations":[{"start":{"line":69,"column":51},"end":{"line":71,"column":9}}]},"20":{"type":"branch","line":71,"loc":{"start":{"line":71,"column":8},"end":{"line":75,"column":5}},"locations":[{"start":{"line":71,"column":8},"end":{"line":75,"column":5}}]}},"b":{"0":[19],"1":[3],"2":[16],"3":[28],"4":[2],"5":[26],"6":[9],"7":[17],"8":[26],"9":[1],"10":[25],"11":[13],"12":[9],"13":[4],"14":[5],"15":[1],"16":[8],"17":[2],"18":[6],"19":[3],"20":[8]},"fnMap":{"0":{"name":"calcularValorDaCompra","decl":{"start":{"line":4,"column":4},"end":{"line":75,"column":5}},"loc":{"start":{"line":4,"column":4},"end":{"line":75,"column":5}},"line":4}},"f":{"0":19}}
}
