TN:
SF:src/caixa-da-lanchonete.js
FN:4,calcularValorDaCompra
FNF:1
FNH:1
FNDA:19,calcularValorDaCompra
DA:1,1
DA:2,1
DA:3,1
DA:4,1
DA:5,19
DA:6,19
DA:7,19
DA:8,19
DA:9,19
DA:10,19
DA:11,19
DA:12,19
DA:13,19
DA:14,19
DA:15,19
DA:16,19
DA:17,19
DA:18,19
DA:19,19
DA:20,19
DA:21,19
DA:22,19
DA:23,19
DA:24,19
DA:25,19
DA:26,19
DA:27,19
DA:28,19
DA:29,3
DA:30,3
DA:31,16
DA:32,19
DA:33,28
DA:34,28
DA:35,28
DA:36,28
DA:37,2
DA:38,2
DA:39,26
DA:40,28
DA:41,9
DA:42,28
DA:43,17
DA:44,17
DA:45,26
DA:46,28
DA:47,1
DA:48,1
DA:49,25
DA:50,25
DA:51,25
DA:52,13
DA:53,19
DA:54,9
DA:55,9
DA:56,4
DA:57,4
DA:58,9
DA:59,5
DA:60,9
DA:61,19
DA:62,1
DA:63,1
DA:64,8
DA:65,8
DA:66,8
DA:67,19
DA:68,2
DA:69,19
DA:70,3
DA:71,3
DA:72,8
DA:73,8
DA:74,8
DA:75,8
DA:76,1
DA:77,1
DA:78,1
LF:78
LH:78
BRDA:4,0,0,19
BRDA:28,1,0,3
BRDA:30,2,0,16
BRDA:32,3,0,28
BRDA:36,4,0,2
BRDA:38,5,0,26
BRDA:40,6,0,9
BRDA:42,7,0,17
BRDA:44,8,0,26
BRDA:46,9,0,1
BRDA:48,10,0,25
BRDA:51,11,0,13
BRDA:53,12,0,9
BRDA:55,13,0,4
BRDA:58,14,0,5
BRDA:61,15,0,1
BRDA:63,16,0,8
BRDA:67,17,0,2
BRDA:69,18,0,6
BRDA:69,19,0,3
BRDA:71,20,0,8
BRF:21
BRH:21
end_of_record
